c:\users\boss\source\repos\guirenderapi2\debug\guirenderapi.pch
c:\users\boss\source\repos\guirenderapi2\vc140.pdb
c:\users\boss\source\repos\guirenderapi2\vc140.idb
c:\users\boss\source\repos\guirenderapi2\debug\stdafx.obj
c:\users\boss\source\repos\guirenderapi2\debug\ctext.obj
c:\users\boss\source\repos\guirenderapi2\debug\ctabpanel.obj
c:\users\boss\source\repos\guirenderapi2\debug\cscrollbarvertical.obj
c:\users\boss\source\repos\guirenderapi2\debug\cradiobutton.obj
c:\users\boss\source\repos\guirenderapi2\debug\cprogressbar.obj
c:\users\boss\source\repos\guirenderapi2\debug\cpos.obj
c:\users\boss\source\repos\guirenderapi2\debug\cmouse.obj
c:\users\boss\source\repos\guirenderapi2\debug\clistview.obj
c:\users\boss\source\repos\guirenderapi2\debug\clistbox.obj
c:\users\boss\source\repos\guirenderapi2\debug\ckeyboard.obj
c:\users\boss\source\repos\guirenderapi2\debug\cgui.obj
c:\users\boss\source\repos\guirenderapi2\debug\cfigure.obj
c:\users\boss\source\repos\guirenderapi2\debug\celement.obj
c:\users\boss\source\repos\guirenderapi2\debug\ceditbox.obj
c:\users\boss\source\repos\guirenderapi2\debug\cdropdown.obj
c:\users\boss\source\repos\guirenderapi2\debug\ccheckbox.obj
c:\users\boss\source\repos\guirenderapi2\debug\cbutton.obj
c:\users\boss\source\repos\guirenderapi2\debug\guirenderapi.obj
c:\users\boss\source\repos\guirenderapi2\debug\graphics.obj
c:\users\boss\source\repos\guirenderapi2\debug\dllmain.obj
c:\users\boss\source\repos\guirenderapi2\debug\trackbar.obj
c:\users\boss\source\repos\guirenderapi2\debug\scrollbarhorizontal.obj
c:\users\boss\source\repos\guirenderapi2\debug\scrollbar.obj
c:\users\boss\source\repos\guirenderapi2\debug\scrollablepane.obj
c:\users\boss\source\repos\guirenderapi2\debug\cgraphics.obj
c:\users\boss\source\repos\guirenderapi2\debug\progressbarvertical.obj
c:\users\boss\source\repos\guirenderapi2\debug\logfile.obj
c:\users\boss\source\repos\guirenderapi2\debug\entry.obj
c:\users\boss\source\repos\guirenderapi2\debug\cwindow.obj
c:\users\boss\source\repos\guirenderapi2\debug\cvar.obj
c:\users\boss\source\repos\guirenderapi2\debug\ctrackbar.obj
c:\users\boss\source\repos\guirenderapi2\debug\ctimer.obj
c:\users\boss\source\repos\guirenderapi2\debug\ctextbox.obj
c:\users\boss\source\repos\guirenderapi2\debug\guirenderapi.res
c:\users\boss\source\repos\guirenderapi2\debug\guirenderapi.tlog\cl.command.1.tlog
c:\users\boss\source\repos\guirenderapi2\debug\guirenderapi.tlog\cl.read.1.tlog
c:\users\boss\source\repos\guirenderapi2\debug\guirenderapi.tlog\cl.write.1.tlog
c:\users\boss\source\repos\guirenderapi2\debug\guirenderapi.tlog\link-cvtres.read.1.tlog
c:\users\boss\source\repos\guirenderapi2\debug\guirenderapi.tlog\link-cvtres.write.1.tlog
c:\users\boss\source\repos\guirenderapi2\debug\guirenderapi.tlog\link-rc.read.1.tlog
c:\users\boss\source\repos\guirenderapi2\debug\guirenderapi.tlog\link-rc.write.1.tlog
c:\users\boss\source\repos\guirenderapi2\debug\guirenderapi.tlog\link.command.1.tlog
c:\users\boss\source\repos\guirenderapi2\debug\guirenderapi.tlog\link.read.1.tlog
c:\users\boss\source\repos\guirenderapi2\debug\guirenderapi.tlog\link.write.1.tlog
c:\users\boss\source\repos\guirenderapi2\debug\guirenderapi.tlog\rc.command.1.tlog
c:\users\boss\source\repos\guirenderapi2\debug\guirenderapi.tlog\rc.read.1.tlog
c:\users\boss\source\repos\guirenderapi2\debug\guirenderapi.tlog\rc.write.1.tlog
