C:\Program Files (x86)\MSBuild\Microsoft.Cpp\v4.0\V140\Microsoft.CppBuild.targets(368,5): warning MSB8004: Output Directory does not end with a trailing slash.  This build instance will add the slash as it is required to allow proper evaluation of the Output Directory.
  CListView.cpp
c:\users\boss\source\repos\guirenderapi2\gui\clistview.cpp(241): warning C4018: '>=': signed/unsigned mismatch
c:\users\boss\source\repos\guirenderapi2\gui\clistview.cpp(433): warning C4244: 'argument': conversion from 'LONG' to 'float', possible loss of data
c:\users\boss\source\repos\guirenderapi2\gui\clistview.cpp(433): warning C4244: 'argument': conversion from 'int' to 'float', possible loss of data
c:\users\boss\source\repos\guirenderapi2\gui\clistview.cpp(532): warning C4244: 'argument': conversion from 'LONG' to 'float', possible loss of data
c:\users\boss\source\repos\guirenderapi2\gui\clistview.cpp(532): warning C4244: 'argument': conversion from 'int' to 'float', possible loss of data
c:\users\boss\source\repos\guirenderapi2\gui\clistview.cpp(535): warning C4018: '<': signed/unsigned mismatch
c:\users\boss\source\repos\guirenderapi2\gui\clistview.cpp(599): warning C4244: 'argument': conversion from 'LONG' to 'float', possible loss of data
c:\users\boss\source\repos\guirenderapi2\gui\clistview.cpp(599): warning C4244: 'argument': conversion from 'int' to 'float', possible loss of data
c:\users\boss\source\repos\guirenderapi2\gui\clistview.cpp(600): warning C4244: 'argument': conversion from 'LONG' to 'float', possible loss of data
c:\users\boss\source\repos\guirenderapi2\gui\clistview.cpp(600): warning C4244: 'argument': conversion from 'int' to 'float', possible loss of data
c:\users\boss\source\repos\guirenderapi2\gui\clistview.cpp(619): warning C4244: 'argument': conversion from 'LONG' to 'float', possible loss of data
c:\users\boss\source\repos\guirenderapi2\gui\clistview.cpp(619): warning C4244: 'argument': conversion from 'int' to 'float', possible loss of data
c:\users\boss\source\repos\guirenderapi2\gui\clistview.cpp(620): warning C4244: 'argument': conversion from 'LONG' to 'float', possible loss of data
c:\users\boss\source\repos\guirenderapi2\gui\clistview.cpp(620): warning C4244: 'argument': conversion from 'int' to 'float', possible loss of data
c:\users\boss\source\repos\guirenderapi2\gui\clistview.cpp(864): warning C4018: '<': signed/unsigned mismatch
c:\users\boss\source\repos\guirenderapi2\gui\clistview.cpp(939): warning C4018: '<': signed/unsigned mismatch
LINK : warning LNK4075: ignoring '/INCREMENTAL' due to '/FORCE' specification
dllmain.obj : warning LNK4075: ignoring '/EDITANDCONTINUE' due to '/OPT:ICF' specification
  GUIRenderAPI.vcxproj -> C:\Users\Boss\Source\Repos\GUIRenderAPI2\..\..\..\Documents\GTA San Andreas\GUIRenderAPI.asi
